# JRE version: OpenJDK Runtime Environment (8.0_242-b01) (build 1.8.0_242-release-1644-b01)
# Java VM: OpenJDK 64-Bit Server VM (25.242-b01 mixed mode windows-amd64 compressed oops)
Heap:
 PSYoungGen      total 202240K, used 101210K [0x00000000d5580000, 0x00000000e4100000, 0x0000000100000000)
  eden space 182784K, 55% used [0x00000000d5580000,0x00000000db8569e0,0x00000000e0800000)
  from space 19456K, 0% used [0x00000000e1c00000,0x00000000e1c00000,0x00000000e2f00000)
  to   space 20480K, 0% used [0x00000000e0800000,0x00000000e0800000,0x00000000e1c00000)
 ParOldGen       total 270848K, used 29184K [0x0000000080000000, 0x0000000090880000, 0x00000000d5580000)
  object space 270848K, 10% used [0x0000000080000000,0x0000000081c80268,0x0000000090880000)
 Metaspace       used 61850K, capacity 65286K, committed 65536K, reserved 1105920K
  class space    used 8577K, capacity 9212K, committed 9216K, reserved 1048576K
GC Heap History (10 events):
Event: 5.319 GC heap before
{Heap before GC invocations=7 (full 2):
 PSYoungGen      total 138240K, used 10664K [0x00000000d5580000, 0x00000000df900000, 0x0000000100000000)
  eden space 127488K, 0% used [0x00000000d5580000,0x00000000d5580000,0x00000000dd200000)
  from space 10752K, 99% used [0x00000000dd200000,0x00000000ddc6a118,0x00000000ddc80000)
  to   space 13312K, 0% used [0x00000000dec00000,0x00000000dec00000,0x00000000df900000)
 ParOldGen       total 112640K, used 10855K [0x0000000080000000, 0x0000000086e00000, 0x00000000d5580000)
  object space 112640K, 9% used [0x0000000080000000,0x0000000080a99f08,0x0000000086e00000)
 Metaspace       used 34136K, capacity 35370K, committed 35456K, reserved 1079296K
  class space    used 4666K, capacity 4966K, committed 4992K, reserved 1048576K
Event: 5.398 GC heap after
Heap after GC invocations=7 (full 2):
 PSYoungGen      total 138240K, used 0K [0x00000000d5580000, 0x00000000df900000, 0x0000000100000000)
  eden space 127488K, 0% used [0x00000000d5580000,0x00000000d5580000,0x00000000dd200000)
  from space 10752K, 0% used [0x00000000dd200000,0x00000000dd200000,0x00000000ddc80000)
  to   space 13312K, 0% used [0x00000000dec00000,0x00000000dec00000,0x00000000df900000)
 ParOldGen       total 187392K, used 17936K [0x0000000080000000, 0x000000008b700000, 0x00000000d5580000)
  object space 187392K, 9% used [0x0000000080000000,0x00000000811843b0,0x000000008b700000)
 Metaspace       used 34136K, capacity 35370K, committed 35456K, reserved 1079296K
  class space    used 4666K, capacity 4966K, committed 4992K, reserved 1048576K
}
Event: 6.837 GC heap before
{Heap before GC invocations=8 (full 2):
 PSYoungGen      total 138240K, used 127488K [0x00000000d5580000, 0x00000000df900000, 0x0000000100000000)
  eden space 127488K, 100% used [0x00000000d5580000,0x00000000dd200000,0x00000000dd200000)
  from space 10752K, 0% used [0x00000000dd200000,0x00000000dd200000,0x00000000ddc80000)
  to   space 13312K, 0% used [0x00000000dec00000,0x00000000dec00000,0x00000000df900000)
 ParOldGen       total 187392K, used 17936K [0x0000000080000000, 0x000000008b700000, 0x00000000d5580000)
  object space 187392K, 9% used [0x0000000080000000,0x00000000811843b0,0x000000008b700000)
 Metaspace       used 40479K, capacity 42422K, committed 42624K, reserved 1085440K
  class space    used 5560K, capacity 5955K, committed 6016K, reserved 1048576K
Event: 6.848 GC heap after
Heap after GC invocations=8 (full 2):
 PSYoungGen      total 154624K, used 9741K [0x00000000d5580000, 0x00000000e1100000, 0x0000000100000000)
  eden space 141312K, 0% used [0x00000000d5580000,0x00000000d5580000,0x00000000ddf80000)
  from space 13312K, 73% used [0x00000000dec00000,0x00000000df5835f8,0x00000000df900000)
  to   space 12800K, 0% used [0x00000000ddf80000,0x00000000ddf80000,0x00000000dec00000)
 ParOldGen       total 187392K, used 17944K [0x0000000080000000, 0x000000008b700000, 0x00000000d5580000)
  object space 187392K, 9% used [0x0000000080000000,0x00000000811863b0,0x000000008b700000)
 Metaspace       used 40479K, capacity 42422K, committed 42624K, reserved 1085440K
  class space    used 5560K, capacity 5955K, committed 6016K, reserved 1048576K
}
Event: 9.222 GC heap before
{Heap before GC invocations=9 (full 2):
 PSYoungGen      total 154624K, used 151053K [0x00000000d5580000, 0x00000000e1100000, 0x0000000100000000)
  eden space 141312K, 100% used [0x00000000d5580000,0x00000000ddf80000,0x00000000ddf80000)
  from space 13312K, 73% used [0x00000000dec00000,0x00000000df5835f8,0x00000000df900000)
  to   space 12800K, 0% used [0x00000000ddf80000,0x00000000ddf80000,0x00000000dec00000)
 ParOldGen       total 187392K, used 17944K [0x0000000080000000, 0x000000008b700000, 0x00000000d5580000)
  object space 187392K, 9% used [0x0000000080000000,0x00000000811863b0,0x000000008b700000)
 Metaspace       used 53865K, capacity 56358K, committed 56576K, reserved 1097728K
  class space    used 7336K, capacity 7838K, committed 7936K, reserved 1048576K
Event: 9.246 GC heap after
Heap after GC invocations=9 (full 2):
 PSYoungGen      total 154112K, used 12788K [0x00000000d5580000, 0x00000000e2f00000, 0x0000000100000000)
  eden space 141312K, 0% used [0x00000000d5580000,0x00000000d5580000,0x00000000ddf80000)
  from space 12800K, 99% used [0x00000000ddf80000,0x00000000debfd300,0x00000000dec00000)
  to   space 19456K, 0% used [0x00000000e1c00000,0x00000000e1c00000,0x00000000e2f00000)
 ParOldGen       total 187392K, used 27956K [0x0000000080000000, 0x000000008b700000, 0x00000000d5580000)
  object space 187392K, 14% used [0x0000000080000000,0x0000000081b4d078,0x000000008b700000)
 Metaspace       used 53865K, capacity 56358K, committed 56576K, reserved 1097728K
  class space    used 7336K, capacity 7838K, committed 7936K, reserved 1048576K
}
Event: 9.757 GC heap before
{Heap before GC invocations=10 (full 2):
 PSYoungGen      total 154112K, used 47357K [0x00000000d5580000, 0x00000000e2f00000, 0x0000000100000000)
  eden space 141312K, 24% used [0x00000000d5580000,0x00000000d7742360,0x00000000ddf80000)
  from space 12800K, 99% used [0x00000000ddf80000,0x00000000debfd300,0x00000000dec00000)
  to   space 19456K, 0% used [0x00000000e1c00000,0x00000000e1c00000,0x00000000e2f00000)
 ParOldGen       total 187392K, used 27956K [0x0000000080000000, 0x000000008b700000, 0x00000000d5580000)
  object space 187392K, 14% used [0x0000000080000000,0x0000000081b4d078,0x000000008b700000)
 Metaspace       used 56288K, capacity 58948K, committed 59096K, reserved 1099776K
  class space    used 7687K, capacity 8207K, committed 8320K, reserved 1048576K
Event: 9.778 GC heap after
Heap after GC invocations=10 (full 2):
 PSYoungGen      total 202240K, used 16089K [0x00000000d5580000, 0x00000000e4100000, 0x0000000100000000)
  eden space 182784K, 0% used [0x00000000d5580000,0x00000000d5580000,0x00000000e0800000)
  from space 19456K, 82% used [0x00000000e1c00000,0x00000000e2bb6620,0x00000000e2f00000)
  to   space 20480K, 0% used [0x00000000e0800000,0x00000000e0800000,0x00000000e1c00000)
 ParOldGen       total 187392K, used 27964K [0x0000000080000000, 0x000000008b700000, 0x00000000d5580000)
  object space 187392K, 14% used [0x0000000080000000,0x0000000081b4f078,0x000000008b700000)
 Metaspace       used 56288K, capacity 58948K, committed 59096K, reserved 1099776K
  class space    used 7687K, capacity 8207K, committed 8320K, reserved 1048576K
}
Event: 9.778 GC heap before
{Heap before GC invocations=11 (full 3):
 PSYoungGen      total 202240K, used 16089K [0x00000000d5580000, 0x00000000e4100000, 0x0000000100000000)
  eden space 182784K, 0% used [0x00000000d5580000,0x00000000d5580000,0x00000000e0800000)
  from space 19456K, 82% used [0x00000000e1c00000,0x00000000e2bb6620,0x00000000e2f00000)
  to   space 20480K, 0% used [0x00000000e0800000,0x00000000e0800000,0x00000000e1c00000)
 ParOldGen       total 187392K, used 27964K [0x0000000080000000, 0x000000008b700000, 0x00000000d5580000)
  object space 187392K, 14% used [0x0000000080000000,0x0000000081b4f078,0x000000008b700000)
 Metaspace       used 56288K, capacity 58948K, committed 59096K, reserved 1099776K
  class space    used 7687K, capacity 8207K, committed 8320K, reserved 1048576K
Event: 10.026 GC heap after
Heap after GC invocations=11 (full 3):
 PSYoungGen      total 202240K, used 0K [0x00000000d5580000, 0x00000000e4100000, 0x0000000100000000)
  eden space 182784K, 0% used [0x00000000d5580000,0x00000000d5580000,0x00000000e0800000)
  from space 19456K, 0% used [0x00000000e1c00000,0x00000000e1c00000,0x00000000e2f00000)
  to   space 20480K, 0% used [0x00000000e0800000,0x00000000e0800000,0x00000000e1c00000)
 ParOldGen       total 270848K, used 29184K [0x0000000080000000, 0x0000000090880000, 0x00000000d5580000)
  object space 270848K, 10% used [0x0000000080000000,0x0000000081c80268,0x0000000090880000)
 Metaspace       used 56258K, capacity 58846K, committed 59096K, reserved 1099776K
  class space    used 7678K, capacity 8190K, committed 8320K, reserved 1048576K
}

