# JRE version: OpenJDK Runtime Environment (8.0_242-b01) (build 1.8.0_242-release-1644-b01)
# Java VM: OpenJDK 64-Bit Server VM (25.242-b01 mixed mode windows-amd64 compressed oops)
Heap:
 PSYoungGen      total 399872K, used 216467K [0x00000000d5580000, 0x00000000f2500000, 0x0000000100000000)
  eden space 328192K, 63% used [0x00000000d5580000,0x00000000e20b4fe0,0x00000000e9600000)
  from space 71680K, 11% used [0x00000000edf00000,0x00000000ee730000,0x00000000f2500000)
  to   space 73216K, 0% used [0x00000000e9600000,0x00000000e9600000,0x00000000edd80000)
 ParOldGen       total 415232K, used 56166K [0x0000000080000000, 0x0000000099580000, 0x00000000d5580000)
  object space 415232K, 13% used [0x0000000080000000,0x00000000836d98b8,0x0000000099580000)
 Metaspace       used 93296K, capacity 98309K, committed 99840K, reserved 1136640K
  class space    used 12065K, capacity 12988K, committed 13312K, reserved 1048576K
GC Heap History (10 events):
Event: 21.228 GC heap before
{Heap before GC invocations=16 (full 3):
 PSYoungGen      total 273920K, used 266488K [0x00000000d5580000, 0x00000000e9480000, 0x0000000100000000)
  eden space 235520K, 100% used [0x00000000d5580000,0x00000000e3b80000,0x00000000e3b80000)
  from space 38400K, 80% used [0x00000000e6400000,0x00000000e823e100,0x00000000e8980000)
  to   space 41472K, 0% used [0x00000000e3b80000,0x00000000e3b80000,0x00000000e6400000)
 ParOldGen       total 284160K, used 51449K [0x0000000080000000, 0x0000000091580000, 0x00000000d5580000)
  object space 284160K, 18% used [0x0000000080000000,0x000000008323e620,0x0000000091580000)
 Metaspace       used 79662K, capacity 85300K, committed 85632K, reserved 1122304K
  class space    used 10865K, capacity 11817K, committed 11904K, reserved 1048576K
Event: 21.279 GC heap after
Heap after GC invocations=16 (full 3):
 PSYoungGen      total 276992K, used 41470K [0x00000000d5580000, 0x00000000ed500000, 0x0000000100000000)
  eden space 235520K, 0% used [0x00000000d5580000,0x00000000d5580000,0x00000000e3b80000)
  from space 41472K, 99% used [0x00000000e3b80000,0x00000000e63ffaa8,0x00000000e6400000)
  to   space 51712K, 0% used [0x00000000ea280000,0x00000000ea280000,0x00000000ed500000)
 ParOldGen       total 284160K, used 63303K [0x0000000080000000, 0x0000000091580000, 0x00000000d5580000)
  object space 284160K, 22% used [0x0000000080000000,0x0000000083dd1c28,0x0000000091580000)
 Metaspace       used 79662K, capacity 85300K, committed 85632K, reserved 1122304K
  class space    used 10865K, capacity 11817K, committed 11904K, reserved 1048576K
}
Event: 22.960 GC heap before
{Heap before GC invocations=17 (full 3):
 PSYoungGen      total 276992K, used 276990K [0x00000000d5580000, 0x00000000ed500000, 0x0000000100000000)
  eden space 235520K, 100% used [0x00000000d5580000,0x00000000e3b80000,0x00000000e3b80000)
  from space 41472K, 99% used [0x00000000e3b80000,0x00000000e63ffaa8,0x00000000e6400000)
  to   space 51712K, 0% used [0x00000000ea280000,0x00000000ea280000,0x00000000ed500000)
 ParOldGen       total 284160K, used 63303K [0x0000000080000000, 0x0000000091580000, 0x00000000d5580000)
  object space 284160K, 22% used [0x0000000080000000,0x0000000083dd1c28,0x0000000091580000)
 Metaspace       used 82946K, capacity 88638K, committed 88832K, reserved 1126400K
  class space    used 11246K, capacity 12232K, committed 12288K, reserved 1048576K
Event: 23.089 GC heap after
Heap after GC invocations=17 (full 3):
 PSYoungGen      total 317952K, used 51704K [0x00000000d5580000, 0x00000000f0d00000, 0x0000000100000000)
  eden space 266240K, 0% used [0x00000000d5580000,0x00000000d5580000,0x00000000e5980000)
  from space 51712K, 99% used [0x00000000ea280000,0x00000000ed4fe250,0x00000000ed500000)
  to   space 74752K, 0% used [0x00000000e5980000,0x00000000e5980000,0x00000000ea280000)
 ParOldGen       total 284160K, used 103660K [0x0000000080000000, 0x0000000091580000, 0x00000000d5580000)
  object space 284160K, 36% used [0x0000000080000000,0x000000008653b170,0x0000000091580000)
 Metaspace       used 82946K, capacity 88638K, committed 88832K, reserved 1126400K
  class space    used 11246K, capacity 12232K, committed 12288K, reserved 1048576K
}
Event: 58.172 GC heap before
{Heap before GC invocations=18 (full 3):
 PSYoungGen      total 317952K, used 301916K [0x00000000d5580000, 0x00000000f0d00000, 0x0000000100000000)
  eden space 266240K, 93% used [0x00000000d5580000,0x00000000e49d9070,0x00000000e5980000)
  from space 51712K, 99% used [0x00000000ea280000,0x00000000ed4fe250,0x00000000ed500000)
  to   space 74752K, 0% used [0x00000000e5980000,0x00000000e5980000,0x00000000ea280000)
 ParOldGen       total 284160K, used 103660K [0x0000000080000000, 0x0000000091580000, 0x00000000d5580000)
  object space 284160K, 36% used [0x0000000080000000,0x000000008653b170,0x0000000091580000)
 Metaspace       used 92491K, capacity 98435K, committed 98496K, reserved 1134592K
  class space    used 12240K, capacity 13271K, committed 13312K, reserved 1048576K
Event: 58.225 GC heap after
Heap after GC invocations=18 (full 3):
 PSYoungGen      total 340992K, used 38873K [0x00000000d5580000, 0x00000000f2700000, 0x0000000100000000)
  eden space 266240K, 0% used [0x00000000d5580000,0x00000000d5580000,0x00000000e5980000)
  from space 74752K, 52% used [0x00000000e5980000,0x00000000e7f764b0,0x00000000ea280000)
  to   space 73728K, 0% used [0x00000000edf00000,0x00000000edf00000,0x00000000f2700000)
 ParOldGen       total 284160K, used 121270K [0x0000000080000000, 0x0000000091580000, 0x00000000d5580000)
  object space 284160K, 42% used [0x0000000080000000,0x000000008766da70,0x0000000091580000)
 Metaspace       used 92491K, capacity 98435K, committed 98496K, reserved 1134592K
  class space    used 12240K, capacity 13271K, committed 13312K, reserved 1048576K
}
Event: 58.225 GC heap before
{Heap before GC invocations=19 (full 4):
 PSYoungGen      total 340992K, used 38873K [0x00000000d5580000, 0x00000000f2700000, 0x0000000100000000)
  eden space 266240K, 0% used [0x00000000d5580000,0x00000000d5580000,0x00000000e5980000)
  from space 74752K, 52% used [0x00000000e5980000,0x00000000e7f764b0,0x00000000ea280000)
  to   space 73728K, 0% used [0x00000000edf00000,0x00000000edf00000,0x00000000f2700000)
 ParOldGen       total 284160K, used 121270K [0x0000000080000000, 0x0000000091580000, 0x00000000d5580000)
  object space 284160K, 42% used [0x0000000080000000,0x000000008766da70,0x0000000091580000)
 Metaspace       used 92491K, capacity 98435K, committed 98496K, reserved 1134592K
  class space    used 12240K, capacity 13271K, committed 13312K, reserved 1048576K
Event: 58.416 GC heap after
Heap after GC invocations=19 (full 4):
 PSYoungGen      total 340992K, used 0K [0x00000000d5580000, 0x00000000f2700000, 0x0000000100000000)
  eden space 266240K, 0% used [0x00000000d5580000,0x00000000d5580000,0x00000000e5980000)
  from space 74752K, 0% used [0x00000000e5980000,0x00000000e5980000,0x00000000ea280000)
  to   space 73728K, 0% used [0x00000000edf00000,0x00000000edf00000,0x00000000f2700000)
 ParOldGen       total 415232K, used 56158K [0x0000000080000000, 0x0000000099580000, 0x00000000d5580000)
  object space 415232K, 13% used [0x0000000080000000,0x00000000836d78b8,0x0000000099580000)
 Metaspace       used 91831K, capacity 96531K, committed 98496K, reserved 1134592K
  class space    used 12023K, capacity 12891K, committed 13312K, reserved 1048576K
}
Event: 76.275 GC heap before
{Heap before GC invocations=20 (full 4):
 PSYoungGen      total 340992K, used 266240K [0x00000000d5580000, 0x00000000f2700000, 0x0000000100000000)
  eden space 266240K, 100% used [0x00000000d5580000,0x00000000e5980000,0x00000000e5980000)
  from space 74752K, 0% used [0x00000000e5980000,0x00000000e5980000,0x00000000ea280000)
  to   space 73728K, 0% used [0x00000000edf00000,0x00000000edf00000,0x00000000f2700000)
 ParOldGen       total 415232K, used 56158K [0x0000000080000000, 0x0000000099580000, 0x00000000d5580000)
  object space 415232K, 13% used [0x0000000080000000,0x00000000836d78b8,0x0000000099580000)
 Metaspace       used 92668K, capacity 97343K, committed 99264K, reserved 1134592K
  class space    used 12037K, capacity 12909K, committed 13312K, reserved 1048576K
Event: 76.287 GC heap after
Heap after GC invocations=20 (full 4):
 PSYoungGen      total 399872K, used 8384K [0x00000000d5580000, 0x00000000f2500000, 0x0000000100000000)
  eden space 328192K, 0% used [0x00000000d5580000,0x00000000d5580000,0x00000000e9600000)
  from space 71680K, 11% used [0x00000000edf00000,0x00000000ee730000,0x00000000f2500000)
  to   space 73216K, 0% used [0x00000000e9600000,0x00000000e9600000,0x00000000edd80000)
 ParOldGen       total 415232K, used 56166K [0x0000000080000000, 0x0000000099580000, 0x00000000d5580000)
  object space 415232K, 13% used [0x0000000080000000,0x00000000836d98b8,0x0000000099580000)
 Metaspace       used 92668K, capacity 97343K, committed 99264K, reserved 1134592K
  class space    used 12037K, capacity 12909K, committed 13312K, reserved 1048576K
}

